<?xml version="1.0" encoding="UTF-8"?>
<testng-results ignored="0" total="1" passed="1" failed="0" skipped="0">
  <reporter-output>
  </reporter-output>
  <suite started-at="2022-06-29T15:38:27 IST" name="Suite" finished-at="2022-06-29T15:39:45 IST" duration-ms="78210">
    <groups>
    </groups>
    <test started-at="2022-06-29T15:38:27 IST" name="Test" finished-at="2022-06-29T15:39:45 IST" duration-ms="78210">
      <class name="com.Azure.TestLayer.ValidLogin">
        <test-method is-config="true" signature="setup()[pri:0, instance:com.Azure.TestLayer.ValidLogin@7e07db1f]" started-at="2022-06-29T15:38:27 IST" name="setup" finished-at="2022-06-29T15:39:35 IST" duration-ms="67513" status="PASS">
          <reporter-output>
          </reporter-output>
        </test-method> <!-- setup -->
        <test-method signature="testValidLgin()[pri:0, instance:com.Azure.TestLayer.ValidLogin@7e07db1f]" started-at="2022-06-29T15:39:35 IST" name="testValidLgin" finished-at="2022-06-29T15:39:45 IST" duration-ms="10078" status="PASS">
          <reporter-output>
          </reporter-output>
        </test-method> <!-- testValidLgin -->
        <test-method is-config="true" signature="tearDown()[pri:0, instance:com.Azure.TestLayer.ValidLogin@7e07db1f]" started-at="2022-06-29T15:39:45 IST" name="tearDown" finished-at="2022-06-29T15:39:45 IST" duration-ms="520" status="PASS">
          <reporter-output>
          </reporter-output>
        </test-method> <!-- tearDown -->
      </class> <!-- com.Azure.TestLayer.ValidLogin -->
    </test> <!-- Test -->
  </suite> <!-- Suite -->
</testng-results>
